<?xml version="1.0" encoding="UTF-8"?>
<robot generator="Robot 7.1.1 (Python 3.10.12 on linux)" generated="2025-01-08T13:28:46.545522" rpa="false" schemaversion="5">
<suite id="s1" name="Hackerranktest" source="/home/project/Robot/hackerranktest.robot">
<test id="s1-t1" name="Login to HackerRank" line="11">
<kw name="Set Chrome Options">
<kw name="Create Dictionary" owner="BuiltIn">
<msg time="2025-01-08T13:28:46.700462" level="INFO">${options} = {'args': "('--headless', '--disable-gpu', '--no-sandbox', '--disable-dev-shm-usage')"}</msg>
<var>${options}</var>
<arg>args=('--headless', '--disable-gpu', '--no-sandbox', '--disable-dev-shm-usage')</arg>
<doc>Creates and returns a dictionary based on the given ``items``.</doc>
<status status="PASS" start="2025-01-08T13:28:46.700204" elapsed="0.000298"/>
</kw>
<return>
<value>${options}</value>
<status status="PASS" start="2025-01-08T13:28:46.700582" elapsed="0.000052"/>
</return>
<msg time="2025-01-08T13:28:46.700824" level="INFO">${CHROME_OPTIONS} = {'args': "('--headless', '--disable-gpu', '--no-sandbox', '--disable-dev-shm-usage')"}</msg>
<var>${CHROME_OPTIONS}</var>
<status status="PASS" start="2025-01-08T13:28:46.699450" elapsed="0.001401"/>
</kw>
<kw name="Open Browser" owner="SeleniumLibrary">
<msg time="2025-01-08T13:28:46.703706" level="INFO">Opening browser 'Chrome' to base url 'https://www.hackerrank.com/auth/login'.</msg>
<arg>${URL}</arg>
<arg>${BROWSER}</arg>
<arg>chrome_options=${CHROME_OPTIONS}</arg>
<doc>Opens a new browser instance to the optional ``url``.</doc>
<status status="PASS" start="2025-01-08T13:28:46.703207" elapsed="14.132440"/>
</kw>
<kw name="Maximize Browser Window" owner="SeleniumLibrary">
<doc>Maximizes current browser window.</doc>
<status status="PASS" start="2025-01-08T13:29:00.839882" elapsed="0.520267"/>
</kw>
<kw name="Input Text" owner="SeleniumLibrary">
<msg time="2025-01-08T13:29:01.365080" level="INFO">Typing text 'sonali.pramanik@tcs.com' into text field 'name=username'.</msg>
<arg>name=username</arg>
<arg>${USERNAME}</arg>
<doc>Types the given ``text`` into the text field identified by ``locator``.</doc>
<status status="PASS" start="2025-01-08T13:29:01.361235" elapsed="2.933965"/>
</kw>
<kw name="Input Text" owner="SeleniumLibrary">
<msg time="2025-01-08T13:29:04.305999" level="INFO">Typing text '0705@Khushi' into text field 'name=password'.</msg>
<arg>name=password</arg>
<arg>${PASSWORD}</arg>
<doc>Types the given ``text`` into the text field identified by ``locator``.</doc>
<status status="PASS" start="2025-01-08T13:29:04.297319" elapsed="1.300925"/>
</kw>
<kw name="Click Button" owner="SeleniumLibrary">
<msg time="2025-01-08T13:29:05.607565" level="INFO">Clicking button 'xpath=//button[@type='submit']'.</msg>
<arg>xpath=//button[@type='submit']</arg>
<doc>Clicks the button identified by ``locator``.</doc>
<status status="PASS" start="2025-01-08T13:29:05.600250" elapsed="1.335490"/>
</kw>
<kw name="Close Browser" owner="SeleniumLibrary">
<doc>Closes the current browser.</doc>
<status status="PASS" start="2025-01-08T13:29:06.936451" elapsed="0.191408"/>
</kw>
<doc>Automates HackerRank login and performs basic operations.</doc>
<status status="PASS" start="2025-01-08T13:28:46.698721" elapsed="20.430296"/>
</test>
<status status="PASS" start="2025-01-08T13:28:46.547355" elapsed="20.583332"/>
</suite>
<statistics>
<total>
<stat pass="1" fail="0" skip="0">All Tests</stat>
</total>
<tag>
</tag>
<suite>
<stat pass="1" fail="0" skip="0" id="s1" name="Hackerranktest">Hackerranktest</stat>
</suite>
</statistics>
<errors>
</errors>
</robot>
