<?xml version="1.0" encoding="UTF-8"?>
<robot generator="Robot 7.1.1 (Python 3.10.12 on linux)" generated="2025-01-07T18:22:53.235561" rpa="false" schemaversion="5">
<suite id="s1" name="Hackerranktest" source="/home/project/Robot/hackerranktest.robot">
<test id="s1-t1" name="Login to HackerRank" line="11">
<kw name="Open Browser" owner="SeleniumLibrary">
<msg time="2025-01-07T18:22:53.383318" level="INFO">Opening browser 'Chrome' to base url 'https://www.hackerrank.com/auth/login'.</msg>
<arg>${URL}</arg>
<arg>${BROWSER}</arg>
<doc>Opens a new browser instance to the optional ``url``.</doc>
<status status="PASS" start="2025-01-07T18:22:53.382579" elapsed="20.535000"/>
</kw>
<kw name="Maximize Browser Window" owner="SeleniumLibrary">
<doc>Maximizes current browser window.</doc>
<status status="PASS" start="2025-01-07T18:23:13.925959" elapsed="0.521268"/>
</kw>
<kw name="Input Text" owner="SeleniumLibrary">
<msg time="2025-01-07T18:23:14.465652" level="INFO">Typing text 'sonali.pramanik@tcs.com' into text field 'name=username'.</msg>
<arg>name=username</arg>
<arg>${USERNAME}</arg>
<doc>Types the given ``text`` into the text field identified by ``locator``.</doc>
<status status="PASS" start="2025-01-07T18:23:14.448140" elapsed="2.929612"/>
</kw>
<kw name="Input Text" owner="SeleniumLibrary">
<msg time="2025-01-07T18:23:17.395640" level="INFO">Typing text '0705@Khushi' into text field 'name=password'.</msg>
<arg>name=password</arg>
<arg>${PASSWORD}</arg>
<doc>Types the given ``text`` into the text field identified by ``locator``.</doc>
<status status="PASS" start="2025-01-07T18:23:17.382162" elapsed="1.618450"/>
</kw>
<kw name="Click Button" owner="SeleniumLibrary">
<msg time="2025-01-07T18:23:19.017100" level="INFO">Clicking button 'xpath=//button[@type='submit']'.</msg>
<arg>xpath=//button[@type='submit']</arg>
<doc>Clicks the button identified by ``locator``.</doc>
<status status="PASS" start="2025-01-07T18:23:19.009105" elapsed="1.339174"/>
</kw>
<kw name="Close Browser" owner="SeleniumLibrary">
<doc>Closes the current browser.</doc>
<status status="PASS" start="2025-01-07T18:23:20.349153" elapsed="0.204106"/>
</kw>
<doc>Automates HackerRank login and performs basic operations.</doc>
<status status="PASS" start="2025-01-07T18:22:53.380391" elapsed="27.173484"/>
</test>
<status status="PASS" start="2025-01-07T18:22:53.237772" elapsed="27.316677"/>
</suite>
<statistics>
<total>
<stat pass="1" fail="0" skip="0">All Tests</stat>
</total>
<tag>
</tag>
<suite>
<stat pass="1" fail="0" skip="0" id="s1" name="Hackerranktest">Hackerranktest</stat>
</suite>
</statistics>
<errors>
</errors>
</robot>
