<?xml version="1.0" encoding="UTF-8"?>
<robot generator="Robot 7.1.1 (Python 3.10.12 on linux)" generated="2025-01-08T14:23:35.442668" rpa="false" schemaversion="5">
<suite id="s1" name="Hackerranktest" source="/home/project/Robot/hackerranktest.robot">
<test id="s1-t1" name="Login to HackerRank" line="11">
<kw name="Set Chrome Options">
<kw name="Create Dictionary" owner="BuiltIn">
<msg time="2025-01-08T14:23:35.578258" level="INFO">${options} = {'args': "('--headless', '--disable-gpu', '--no-sandbox', '--disable-dev-shm-usage')"}</msg>
<var>${options}</var>
<arg>args=('--headless', '--disable-gpu', '--no-sandbox', '--disable-dev-shm-usage')</arg>
<doc>Creates and returns a dictionary based on the given ``items``.</doc>
<status status="PASS" start="2025-01-08T14:23:35.577706" elapsed="0.000598"/>
</kw>
<return>
<value>${options}</value>
<status status="PASS" start="2025-01-08T14:23:35.578399" elapsed="0.000062"/>
</return>
<msg time="2025-01-08T14:23:35.578641" level="INFO">${CHROME_OPTIONS} = {'args': "('--headless', '--disable-gpu', '--no-sandbox', '--disable-dev-shm-usage')"}</msg>
<var>${CHROME_OPTIONS}</var>
<status status="PASS" start="2025-01-08T14:23:35.575214" elapsed="0.003457"/>
</kw>
<kw name="Open Browser" owner="SeleniumLibrary">
<msg time="2025-01-08T14:23:35.579498" level="INFO">Opening browser 'Chrome' to base url 'https://www.hackerrank.com/auth/login'.</msg>
<arg>${URL}</arg>
<arg>${BROWSER}</arg>
<arg>chrome_options=${CHROME_OPTIONS}</arg>
<doc>Opens a new browser instance to the optional ``url``.</doc>
<status status="PASS" start="2025-01-08T14:23:35.578928" elapsed="41.084894"/>
</kw>
<kw name="Maximize Browser Window" owner="SeleniumLibrary">
<doc>Maximizes current browser window.</doc>
<status status="PASS" start="2025-01-08T14:24:16.664324" elapsed="0.282459"/>
</kw>
<kw name="Input Text" owner="SeleniumLibrary">
<msg time="2025-01-08T14:24:16.947592" level="INFO">Typing text 'sonali.pramanik@tcs.com' into text field 'name=username'.</msg>
<arg>name=username</arg>
<arg>${USERNAME}</arg>
<doc>Types the given ``text`` into the text field identified by ``locator``.</doc>
<status status="PASS" start="2025-01-08T14:24:16.947115" elapsed="0.700349"/>
</kw>
<kw name="Input Text" owner="SeleniumLibrary">
<msg time="2025-01-08T14:24:17.649743" level="INFO">Typing text '0705@Khushi' into text field 'name=password'.</msg>
<arg>name=password</arg>
<arg>${PASSWORD}</arg>
<doc>Types the given ``text`` into the text field identified by ``locator``.</doc>
<status status="PASS" start="2025-01-08T14:24:17.649199" elapsed="0.391308"/>
</kw>
<kw name="Click Button" owner="SeleniumLibrary">
<msg time="2025-01-08T14:24:18.042847" level="INFO">Clicking button 'xpath=//button[@type='submit']'.</msg>
<arg>xpath=//button[@type='submit']</arg>
<doc>Clicks the button identified by ``locator``.</doc>
<status status="PASS" start="2025-01-08T14:24:18.041705" elapsed="0.401132"/>
</kw>
<kw name="Close Browser" owner="SeleniumLibrary">
<doc>Closes the current browser.</doc>
<status status="PASS" start="2025-01-08T14:24:18.446327" elapsed="0.292191"/>
</kw>
<doc>Automates HackerRank login and performs basic operations.</doc>
<status status="PASS" start="2025-01-08T14:23:35.572681" elapsed="43.166802"/>
</test>
<status status="PASS" start="2025-01-08T14:23:35.445587" elapsed="43.302952"/>
</suite>
<statistics>
<total>
<stat pass="1" fail="0" skip="0">All Tests</stat>
</total>
<tag>
</tag>
<suite>
<stat pass="1" fail="0" skip="0" id="s1" name="Hackerranktest">Hackerranktest</stat>
</suite>
</statistics>
<errors>
</errors>
</robot>
