<?xml version="1.0" encoding="UTF-8"?>
<robot generator="Robot 7.1.1 (Python 3.10.12 on linux)" generated="2025-01-07T18:11:01.795908" rpa="false" schemaversion="5">
<suite id="s1" name="Hackerranktest" source="/home/project/Robot/hackerranktest.robot">
<test id="s1-t1" name="Login to HackerRank" line="9">
<kw name="Create Chrome Options">
<kw name="Create Dictionary" owner="BuiltIn">
<msg time="2025-01-07T18:11:01.819499" level="INFO">${options} = {'headless': 'True', 'no-sandbox': 'True', 'disable-dev-shm-usage': 'True'}</msg>
<var>${options}</var>
<arg>headless=True</arg>
<arg>no-sandbox=True</arg>
<arg>disable-dev-shm-usage=True</arg>
<doc>Creates and returns a dictionary based on the given ``items``.</doc>
<status status="PASS" start="2025-01-07T18:11:01.819230" elapsed="0.000302"/>
</kw>
<return>
<value>${options}</value>
<status status="PASS" start="2025-01-07T18:11:01.819599" elapsed="0.000043"/>
</return>
<msg time="2025-01-07T18:11:01.819794" level="INFO">${options} = {'headless': 'True', 'no-sandbox': 'True', 'disable-dev-shm-usage': 'True'}</msg>
<var>${options}</var>
<doc>Creates and returns Chrome options for headless mode.</doc>
<status status="PASS" start="2025-01-07T18:11:01.818593" elapsed="0.001224"/>
</kw>
<kw name="Setup ChromeDriver">
<kw name="Run Process">
<msg time="2025-01-07T18:11:01.821474" level="FAIL">No keyword with name 'Run Process' found.</msg>
<arg>python</arg>
<arg>-c</arg>
<arg>"from webdriver_manager.chrome import ChromeDriverManager; print(ChromeDriverManager().install())"</arg>
<arg>shell=True</arg>
<status status="FAIL" start="2025-01-07T18:11:01.821302" elapsed="0.000219">No keyword with name 'Run Process' found.</status>
</kw>
<doc>Set up the ChromeDriver using webdriver-manager.</doc>
<status status="FAIL" start="2025-01-07T18:11:01.820087" elapsed="0.001545">No keyword with name 'Run Process' found.</status>
</kw>
<kw name="Open Browser">
<arg>${URL}</arg>
<arg>${BROWSER}</arg>
<arg>options=${options}</arg>
<arg>chrome_binary=${CHROME_PATH}</arg>
<status status="NOT RUN" start="2025-01-07T18:11:01.821840" elapsed="0.000302"/>
</kw>
<kw name="Maximize Browser Window">
<status status="NOT RUN" start="2025-01-07T18:11:01.822596" elapsed="0.000021"/>
</kw>
<kw name="Input Text">
<arg>name=username</arg>
<arg>${USERNAME}</arg>
<status status="NOT RUN" start="2025-01-07T18:11:01.822991" elapsed="0.000021"/>
</kw>
<kw name="Input Text">
<arg>name=password</arg>
<arg>${PASSWORD}</arg>
<status status="NOT RUN" start="2025-01-07T18:11:01.823294" elapsed="0.000021"/>
</kw>
<kw name="Click Button">
<arg>xpath=//button[@type='submit']</arg>
<status status="NOT RUN" start="2025-01-07T18:11:01.823740" elapsed="0.000237"/>
</kw>
<kw name="Close Browser">
<status status="NOT RUN" start="2025-01-07T18:11:01.824855" elapsed="0.000028"/>
</kw>
<doc>Automates HackerRank login and performs basic operations.</doc>
<status status="FAIL" start="2025-01-07T18:11:01.817654" elapsed="0.007591">No keyword with name 'Run Process' found.</status>
</test>
<status status="FAIL" start="2025-01-07T18:11:01.798085" elapsed="0.027743"/>
</suite>
<statistics>
<total>
<stat pass="0" fail="1" skip="0">All Tests</stat>
</total>
<tag>
</tag>
<suite>
<stat pass="0" fail="1" skip="0" id="s1" name="Hackerranktest">Hackerranktest</stat>
</suite>
</statistics>
<errors>
</errors>
</robot>
