<?xml version="1.0" encoding="UTF-8"?>
<robot generator="Robot 7.1.1 (Python 3.10.12 on linux)" generated="2025-01-02T12:52:18.972186" rpa="false" schemaversion="5">
<suite id="s1" name="Hackerranktest" source="/home/project/Robot/hackerranktest.robot">
<test id="s1-t1" name="Login to HackerRank" line="12">
<kw name="Open Browser" owner="SeleniumLibrary">
<msg time="2025-01-02T12:52:19.207631" level="INFO">Opening browser 'Chrome' to base url 'https://www.hackerrank.com/auth/login'.</msg>
<arg>${URL}</arg>
<arg>${BROWSER}</arg>
<arg>chrome_binary=${CHROME_PATH}</arg>
<doc>Opens a new browser instance to the optional ``url``.</doc>
<status status="PASS" start="2025-01-02T12:52:19.206664" elapsed="83.569034"/>
</kw>
<kw name="Maximize Browser Window" owner="SeleniumLibrary">
<doc>Maximizes current browser window.</doc>
<status status="PASS" start="2025-01-02T12:53:42.776578" elapsed="0.139882"/>
</kw>
<kw name="Input Text" owner="SeleniumLibrary">
<msg time="2025-01-02T12:53:42.919281" level="INFO">Typing text 'sonali.pramanik@tcs.com' into text field 'name=username'.</msg>
<arg>name=username</arg>
<arg>${USERNAME}</arg>
<doc>Types the given ``text`` into the text field identified by ``locator``.</doc>
<status status="PASS" start="2025-01-02T12:53:42.918311" elapsed="0.858513"/>
</kw>
<kw name="Input Text" owner="SeleniumLibrary">
<msg time="2025-01-02T12:53:43.777552" level="INFO">Typing text '0705@Khushi' into text field 'name=password'.</msg>
<arg>name=password</arg>
<arg>${PASSWORD}</arg>
<doc>Types the given ``text`` into the text field identified by ``locator``.</doc>
<status status="PASS" start="2025-01-02T12:53:43.777180" elapsed="0.539622"/>
</kw>
<kw name="Click Button" owner="SeleniumLibrary">
<msg time="2025-01-02T12:53:44.318373" level="INFO">Clicking button 'xpath=//button[@type='submit']'.</msg>
<arg>xpath=//button[@type='submit']</arg>
<doc>Clicks the button identified by ``locator``.</doc>
<status status="PASS" start="2025-01-02T12:53:44.317929" elapsed="0.489508"/>
</kw>
<kw name="Close Browser" owner="SeleniumLibrary">
<doc>Closes the current browser.</doc>
<status status="PASS" start="2025-01-02T12:53:44.809714" elapsed="0.195835"/>
</kw>
<doc>Automates HackerRank login and performs basic operations.</doc>
<status status="PASS" start="2025-01-02T12:52:19.204215" elapsed="85.811805"/>
</test>
<status status="PASS" start="2025-01-02T12:52:18.983347" elapsed="86.034021"/>
</suite>
<statistics>
<total>
<stat pass="1" fail="0" skip="0">All Tests</stat>
</total>
<tag>
</tag>
<suite>
<stat pass="1" fail="0" skip="0" id="s1" name="Hackerranktest">Hackerranktest</stat>
</suite>
</statistics>
<errors>
</errors>
</robot>
